Using pre-set license
Built from '2020.2/release' branch; Version is '2020.2.2f1 (068178b99f32) revision 426360'; Using compiler version '192528614'; Build Type 'Release'
OS: 'Windows 10 Home; OS build 19041.804; Version 2004; 64bit' Language: 'en' Physical Memory: 16111 MB
BatchMode: 1, IsHumanControllingUs: 0, StartBugReporterOnCrash: 0, Is64bit: 1, IsPro: 0

 COMMAND LINE ARGUMENTS:
C:\Program Files\Unity\Hub\Editor\2020.2.2f1\Editor\Unity.exe
-adb2
-batchMode
-noUpm
-name
AssetImportWorker0
-projectPath
C:/Users/samle/Framework 2.0
-logFile
Logs/AssetImportWorker0.log
-srvPort
51558
Successfully changed project path to: C:/Users/samle/Framework 2.0
C:/Users/samle/Framework 2.0
Using Asset Import Pipeline V2.
Refreshing native plugins compatible for Editor in 29.22 ms, found 0 plugins.
Preloading 0 native plugins for Editor in 0.00 ms.
Initialize engine version: 2020.2.2f1 (068178b99f32)
[Subsystems] Discovering subsystems at path C:/Program Files/Unity/Hub/Editor/2020.2.2f1/Editor/Data/Resources/UnitySubsystems
[Subsystems] Discovering subsystems at path C:/Users/samle/Framework 2.0/Assets
GfxDevice: creating device client; threaded=0
Direct3D:
    Version:  Direct3D 11.0 [level 11.1]
    Renderer: NVIDIA GeForce GTX 1650 (ID=0x1f91)
    Vendor:   
    VRAM:     3964 MB
    Driver:   27.21.14.5751
Initialize mono
Mono path[0] = 'C:/Program Files/Unity/Hub/Editor/2020.2.2f1/Editor/Data/Managed'
Mono path[1] = 'C:/Program Files/Unity/Hub/Editor/2020.2.2f1/Editor/Data/MonoBleedingEdge/lib/mono/unityjit'
Mono config path = 'C:/Program Files/Unity/Hub/Editor/2020.2.2f1/Editor/Data/MonoBleedingEdge/etc'
Using monoOptions --debugger-agent=transport=dt_socket,embedding=1,server=y,suspend=n,address=127.0.0.1:56656
Begin MonoManager ReloadAssembly
Registering precompiled unity dll's ...
Register platform support module: C:/Program Files/Unity/Hub/Editor/2020.2.2f1/Editor/Data/PlaybackEngines/WindowsStandaloneSupport/UnityEditor.WindowsStandalone.Extensions.dll
Registered in 0.001707 seconds.
Native extension for WindowsStandalone target not found
Refreshing native plugins compatible for Editor in 29.88 ms, found 0 plugins.
Preloading 0 native plugins for Editor in 0.00 ms.
Invoked RoslynAnalysisRunner static constructor.
RoslynAnalysisRunner will not be running.
RoslynAnalysisRunner has terminated.
Mono: successfully reloaded assembly
- Completed reload, in  1.485 seconds
Platform modules already initialized, skipping
Registering precompiled user dll's ...
Registered in 0.000645 seconds.
Begin MonoManager ReloadAssembly
Native extension for WindowsStandalone target not found
Refreshing native plugins compatible for Editor in 0.25 ms, found 0 plugins.
Preloading 0 native plugins for Editor in 0.00 ms.
Invoked RoslynAnalysisRunner static constructor.
RoslynAnalysisRunner will not be running.
RoslynAnalysisRunner has terminated.
Mono: successfully reloaded assembly
- Completed reload, in  0.812 seconds
Platform modules already initialized, skipping
========================================================================
Worker process is ready to serve import requests
Launched and connected shader compiler UnityShaderCompiler.exe after 0.06 seconds
Refreshing native plugins compatible for Editor in 0.48 ms, found 0 plugins.
Preloading 0 native plugins for Editor in 0.00 ms.
Unloading 1641 Unused Serialized files (Serialized files now loaded: 0)
System memory in use before: 91.7 MB.
System memory in use after: 91.7 MB.

Unloading 11 unused Assets to reduce memory usage. Loaded Objects now: 2086.
Total: 3.043100 ms (FindLiveObjects: 0.197900 ms CreateObjectMapping: 0.088400 ms MarkObjects: 2.650100 ms  DeleteObjects: 0.105500 ms)

========================================================================
Received Import Request.
  path: Assets/Polaris - Low Poly Ecosystem/Polaris V2 - Low Poly Terrain Engine
  artifactKey: Guid(b844eceefdb2b8445b965aa3a77040c6) Importer(815301076,1909f56bfc062723c751e8b465ee728b)
Start importing Assets/Polaris - Low Poly Ecosystem/Polaris V2 - Low Poly Terrain Engine using Guid(b844eceefdb2b8445b965aa3a77040c6) Importer(815301076,1909f56bfc062723c751e8b465ee728b)  -> (artifact id: 'fe1aa3e4daefc19c3c31805b7b02b2e3') in 0.021126 seconds
  Import took 0.025545 seconds .

========================================================================
Received Import Request.
  Time since last request: 4.930118 seconds.
  path: Assets/Polaris - Low Poly Ecosystem/Polaris V2 - Low Poly Terrain Engine/Samples
  artifactKey: Guid(4402e8b31aa48d244a1850ca61af3371) Importer(815301076,1909f56bfc062723c751e8b465ee728b)
Start importing Assets/Polaris - Low Poly Ecosystem/Polaris V2 - Low Poly Terrain Engine/Samples using Guid(4402e8b31aa48d244a1850ca61af3371) Importer(815301076,1909f56bfc062723c751e8b465ee728b)  -> (artifact id: '45d8b8bca82888c0603211268191bcc4') in 0.006477 seconds
  Import took 0.008934 seconds .

========================================================================
Received Import Request.
  Time since last request: 1.889078 seconds.
  path: Assets/Polaris - Low Poly Ecosystem/Polaris V2 - Low Poly Terrain Engine/Samples/Distant Lands
  artifactKey: Guid(deeae63ae165ff940b384ee330f53c51) Importer(815301076,1909f56bfc062723c751e8b465ee728b)
Start importing Assets/Polaris - Low Poly Ecosystem/Polaris V2 - Low Poly Terrain Engine/Samples/Distant Lands using Guid(deeae63ae165ff940b384ee330f53c51) Importer(815301076,1909f56bfc062723c751e8b465ee728b)  -> (artifact id: '8e8f176be6009e3f4d04ca0daa51782b') in 0.009695 seconds
  Import took 0.013056 seconds .

========================================================================
Received Import Request.
  Time since last request: 1.039250 seconds.
  path: Assets/Polaris - Low Poly Ecosystem/Polaris V2 - Low Poly Terrain Engine/Samples/Distant Lands/Prefabs
  artifactKey: Guid(3797f460af09e1b46ac53f1b34c539cc) Importer(815301076,1909f56bfc062723c751e8b465ee728b)
Start importing Assets/Polaris - Low Poly Ecosystem/Polaris V2 - Low Poly Terrain Engine/Samples/Distant Lands/Prefabs using Guid(3797f460af09e1b46ac53f1b34c539cc) Importer(815301076,1909f56bfc062723c751e8b465ee728b)  -> (artifact id: '419205e4d537413850720b59365b3a37') in 0.006526 seconds
  Import took 0.008975 seconds .

========================================================================
Received Import Request.
  Time since last request: 0.074982 seconds.
  path: Assets/Polaris - Low Poly Ecosystem/Polaris V2 - Low Poly Terrain Engine/Samples/Distant Lands/Prefabs/Fir Tree 5.prefab
  artifactKey: Guid(c943e37c84756ac4e809c7790d9ba881) Importer(815301076,1909f56bfc062723c751e8b465ee728b)
Start importing Assets/Polaris - Low Poly Ecosystem/Polaris V2 - Low Poly Terrain Engine/Samples/Distant Lands/Prefabs/Fir Tree 5.prefab using Guid(c943e37c84756ac4e809c7790d9ba881) Importer(815301076,1909f56bfc062723c751e8b465ee728b)  -> (artifact id: '3466baef6ed09b078fb723cd8b33b7b3') in 0.101353 seconds
  Import took 0.103747 seconds .

========================================================================
Received Import Request.
  Time since last request: 0.000285 seconds.
  path: Assets/Polaris - Low Poly Ecosystem/Polaris V2 - Low Poly Terrain Engine/Samples/Distant Lands/Prefabs/Stump 1.prefab
  artifactKey: Guid(426454e7a32c25f4fae01f58722c6944) Importer(815301076,1909f56bfc062723c751e8b465ee728b)
Start importing Assets/Polaris - Low Poly Ecosystem/Polaris V2 - Low Poly Terrain Engine/Samples/Distant Lands/Prefabs/Stump 1.prefab using Guid(426454e7a32c25f4fae01f58722c6944) Importer(815301076,1909f56bfc062723c751e8b465ee728b)  -> (artifact id: '5dbacbd0661e516d725e55230f3e8461') in 0.017983 seconds
  Import took 0.020566 seconds .

========================================================================
Received Import Request.
  Time since last request: 0.000316 seconds.
  path: Assets/Polaris - Low Poly Ecosystem/Polaris V2 - Low Poly Terrain Engine/Samples/Distant Lands/Prefabs/Jungle Tree 8.prefab
  artifactKey: Guid(ee22fd94a14e96e4ebb960ddb85ea585) Importer(815301076,1909f56bfc062723c751e8b465ee728b)
Start importing Assets/Polaris - Low Poly Ecosystem/Polaris V2 - Low Poly Terrain Engine/Samples/Distant Lands/Prefabs/Jungle Tree 8.prefab using Guid(ee22fd94a14e96e4ebb960ddb85ea585) Importer(815301076,1909f56bfc062723c751e8b465ee728b)  -> (artifact id: '629bac587ea1b443f5a750c95049c5a7') in 0.017743 seconds
  Import took 0.020440 seconds .

========================================================================
Received Import Request.
  Time since last request: 0.000269 seconds.
  path: Assets/Polaris - Low Poly Ecosystem/Polaris V2 - Low Poly Terrain Engine/Samples/Distant Lands/Prefabs/Large Jungle Tree 3.prefab
  artifactKey: Guid(70449fc2599c37a409dc726a23b522ee) Importer(815301076,1909f56bfc062723c751e8b465ee728b)
Start importing Assets/Polaris - Low Poly Ecosystem/Polaris V2 - Low Poly Terrain Engine/Samples/Distant Lands/Prefabs/Large Jungle Tree 3.prefab using Guid(70449fc2599c37a409dc726a23b522ee) Importer(815301076,1909f56bfc062723c751e8b465ee728b)  -> (artifact id: 'c26b994b6a88b706eebabfdf8aea13d4') in 0.016311 seconds
  Import took 0.018814 seconds .

========================================================================
Received Import Request.
  Time since last request: 0.000369 seconds.
  path: Assets/Polaris - Low Poly Ecosystem/Polaris V2 - Low Poly Terrain Engine/Samples/Distant Lands/Prefabs/Fir Tree 6.prefab
  artifactKey: Guid(a8d0359a40457304797a822fdeb25eab) Importer(815301076,1909f56bfc062723c751e8b465ee728b)
Start importing Assets/Polaris - Low Poly Ecosystem/Polaris V2 - Low Poly Terrain Engine/Samples/Distant Lands/Prefabs/Fir Tree 6.prefab using Guid(a8d0359a40457304797a822fdeb25eab) Importer(815301076,1909f56bfc062723c751e8b465ee728b)  -> (artifact id: 'ec3ae0da25564037607100297f56f777') in 0.016422 seconds
  Import took 0.019502 seconds .

========================================================================
Received Import Request.
  Time since last request: 0.000972 seconds.
  path: Assets/Polaris - Low Poly Ecosystem/Polaris V2 - Low Poly Terrain Engine/Samples/Distant Lands/Prefabs/Fir Tree 6.prefab
  artifactKey: Guid(a8d0359a40457304797a822fdeb25eab) Importer(815301076,1909f56bfc062723c751e8b465ee728b)
Start importing Assets/Polaris - Low Poly Ecosystem/Polaris V2 - Low Poly Terrain Engine/Samples/Distant Lands/Prefabs/Fir Tree 6.prefab using Guid(a8d0359a40457304797a822fdeb25eab) Importer(815301076,1909f56bfc062723c751e8b465ee728b)  -> (artifact id: 'ec3ae0da25564037607100297f56f777') in 0.008363 seconds
  Import took 0.010894 seconds .

========================================================================
Received Import Request.
  Time since last request: 2.474911 seconds.
  path: Assets/Polaris - Low Poly Ecosystem/Polaris V2 - Low Poly Terrain Engine/Samples/Total Game Assets
  artifactKey: Guid(6c348e316e3980c418d90547963402d0) Importer(815301076,1909f56bfc062723c751e8b465ee728b)
Start importing Assets/Polaris - Low Poly Ecosystem/Polaris V2 - Low Poly Terrain Engine/Samples/Total Game Assets using Guid(6c348e316e3980c418d90547963402d0) Importer(815301076,1909f56bfc062723c751e8b465ee728b)  -> (artifact id: '0d41bdd3119f3a9754040629e26552da') in 0.006712 seconds
  Import took 0.009300 seconds .

========================================================================
Received Import Request.
  Time since last request: 9.468830 seconds.
  path: Assets/Polaris - Low Poly Ecosystem/Polaris V2 - Low Poly Terrain Engine/Samples/Distant Lands/Materials
  artifactKey: Guid(aa0fca73e31c251428b7f9154993f5cf) Importer(815301076,1909f56bfc062723c751e8b465ee728b)
Start importing Assets/Polaris - Low Poly Ecosystem/Polaris V2 - Low Poly Terrain Engine/Samples/Distant Lands/Materials using Guid(aa0fca73e31c251428b7f9154993f5cf) Importer(815301076,1909f56bfc062723c751e8b465ee728b)  -> (artifact id: '44127c5215626ffe70507b2c7838e701') in 0.007827 seconds
  Import took 0.011338 seconds .

========================================================================
Received Import Request.
  Time since last request: 0.060468 seconds.
  path: Assets/Polaris - Low Poly Ecosystem/Polaris V2 - Low Poly Terrain Engine/Samples/Distant Lands/Materials/Leaves 1.mat
  artifactKey: Guid(7cbc7316b4f5706498ce2ad82cfd44eb) Importer(815301076,1909f56bfc062723c751e8b465ee728b)
Start importing Assets/Polaris - Low Poly Ecosystem/Polaris V2 - Low Poly Terrain Engine/Samples/Distant Lands/Materials/Leaves 1.mat using Guid(7cbc7316b4f5706498ce2ad82cfd44eb) Importer(815301076,1909f56bfc062723c751e8b465ee728b)  -> (artifact id: 'ebaa1445b7368556615cbfefaf89cb41') in 0.041451 seconds
  Import took 0.044010 seconds .

========================================================================
Received Import Request.
  Time since last request: 0.000283 seconds.
  path: Assets/Polaris - Low Poly Ecosystem/Polaris V2 - Low Poly Terrain Engine/Samples/Distant Lands/Materials/Trunk 2.mat
  artifactKey: Guid(1d5466269eff6a14596b18ca954d919f) Importer(815301076,1909f56bfc062723c751e8b465ee728b)
Start importing Assets/Polaris - Low Poly Ecosystem/Polaris V2 - Low Poly Terrain Engine/Samples/Distant Lands/Materials/Trunk 2.mat using Guid(1d5466269eff6a14596b18ca954d919f) Importer(815301076,1909f56bfc062723c751e8b465ee728b)  -> (artifact id: 'fbba22d55ecc670ee2d32b2f0d4d7565') in 0.018117 seconds
  Import took 0.020636 seconds .

========================================================================
Received Import Request.
  Time since last request: 0.000308 seconds.
  path: Assets/Polaris - Low Poly Ecosystem/Polaris V2 - Low Poly Terrain Engine/Samples/Distant Lands/Materials/Trunk 3.mat
  artifactKey: Guid(f29feec3fb113d04c8d984a3180852d4) Importer(815301076,1909f56bfc062723c751e8b465ee728b)
Start importing Assets/Polaris - Low Poly Ecosystem/Polaris V2 - Low Poly Terrain Engine/Samples/Distant Lands/Materials/Trunk 3.mat using Guid(f29feec3fb113d04c8d984a3180852d4) Importer(815301076,1909f56bfc062723c751e8b465ee728b)  -> (artifact id: 'cb18464473f832af9bb049abfde11f52') in 0.023936 seconds
  Import took 0.027005 seconds .

========================================================================
Received Import Request.
  Time since last request: 0.000436 seconds.
  path: Assets/Polaris - Low Poly Ecosystem/Polaris V2 - Low Poly Terrain Engine/Samples/Distant Lands/Materials/Trunk 1.mat
  artifactKey: Guid(b71dd66be1fe5f44a9f2582d6f16b06e) Importer(815301076,1909f56bfc062723c751e8b465ee728b)
Start importing Assets/Polaris - Low Poly Ecosystem/Polaris V2 - Low Poly Terrain Engine/Samples/Distant Lands/Materials/Trunk 1.mat using Guid(b71dd66be1fe5f44a9f2582d6f16b06e) Importer(815301076,1909f56bfc062723c751e8b465ee728b)  -> (artifact id: '4038d2c3ec0217dd7e157b7242de5c38') in 0.019826 seconds
  Import took 0.022394 seconds .

========================================================================
Received Import Request.
  Time since last request: 0.000297 seconds.
  path: Assets/Polaris - Low Poly Ecosystem/Polaris V2 - Low Poly Terrain Engine/Samples/Distant Lands/Materials/Leaves 2.mat
  artifactKey: Guid(1b246934e5ebf13429449fb98ef6319b) Importer(815301076,1909f56bfc062723c751e8b465ee728b)
Start importing Assets/Polaris - Low Poly Ecosystem/Polaris V2 - Low Poly Terrain Engine/Samples/Distant Lands/Materials/Leaves 2.mat using Guid(1b246934e5ebf13429449fb98ef6319b) Importer(815301076,1909f56bfc062723c751e8b465ee728b)  -> (artifact id: '71b8006f26fb55245d49e62321f13b5c') in 0.027267 seconds
  Import took 0.029740 seconds .

========================================================================
Received Import Request.
  Time since last request: 0.000300 seconds.
  path: Assets/Polaris - Low Poly Ecosystem/Polaris V2 - Low Poly Terrain Engine/Samples/Distant Lands/Materials/Wood 1.mat
  artifactKey: Guid(d296561e7681f1344927697cfbae9580) Importer(815301076,1909f56bfc062723c751e8b465ee728b)
Start importing Assets/Polaris - Low Poly Ecosystem/Polaris V2 - Low Poly Terrain Engine/Samples/Distant Lands/Materials/Wood 1.mat using Guid(d296561e7681f1344927697cfbae9580) Importer(815301076,1909f56bfc062723c751e8b465ee728b)  -> (artifact id: 'b69b92ae8c9910d5132b78421606a07e') in 0.019304 seconds
  Import took 0.021655 seconds .

========================================================================
Received Import Request.
  Time since last request: 1.948478 seconds.
  path: Assets/Polaris - Low Poly Ecosystem/Polaris V2 - Low Poly Terrain Engine/Samples/Pinwheel Studio
  artifactKey: Guid(6878bcc7ac54a304d99d74bbdf988787) Importer(815301076,1909f56bfc062723c751e8b465ee728b)
Start importing Assets/Polaris - Low Poly Ecosystem/Polaris V2 - Low Poly Terrain Engine/Samples/Pinwheel Studio using Guid(6878bcc7ac54a304d99d74bbdf988787) Importer(815301076,1909f56bfc062723c751e8b465ee728b)  -> (artifact id: 'f72f2382c6a6acc8f731ffdb059e1793') in 0.007776 seconds
  Import took 0.011142 seconds .

========================================================================
Received Import Request.
  Time since last request: 1.969330 seconds.
  path: Assets/Polaris - Low Poly Ecosystem/Polaris V2 - Low Poly Terrain Engine/Samples/Pinwheel Studio/Scenes
  artifactKey: Guid(a4ad61d1d54334740acc0b200699b4dd) Importer(815301076,1909f56bfc062723c751e8b465ee728b)
Start importing Assets/Polaris - Low Poly Ecosystem/Polaris V2 - Low Poly Terrain Engine/Samples/Pinwheel Studio/Scenes using Guid(a4ad61d1d54334740acc0b200699b4dd) Importer(815301076,1909f56bfc062723c751e8b465ee728b)  -> (artifact id: '134db8e321a44290decce621bc8bc05f') in 0.017544 seconds
  Import took 0.020070 seconds .

========================================================================
Received Prepare
Registering precompiled user dll's ...
Registered in 0.000931 seconds.
Begin MonoManager ReloadAssembly
Native extension for WindowsStandalone target not found
Refreshing native plugins compatible for Editor in 0.26 ms, found 0 plugins.
Preloading 0 native plugins for Editor in 0.00 ms.
Invoked RoslynAnalysisRunner static constructor.
RoslynAnalysisRunner will not be running.
RoslynAnalysisRunner has terminated.
Mono: successfully reloaded assembly
- Completed reload, in  0.747 seconds
Platform modules already initialized, skipping
Refreshing native plugins compatible for Editor in 0.26 ms, found 0 plugins.
Preloading 0 native plugins for Editor in 0.00 ms.
Unloading 1562 Unused Serialized files (Serialized files now loaded: 0)
System memory in use before: 89.3 MB.
System memory in use after: 89.4 MB.

Unloading 6 unused Assets to reduce memory usage. Loaded Objects now: 2129.
Total: 1.842500 ms (FindLiveObjects: 0.198600 ms CreateObjectMapping: 0.053400 ms MarkObjects: 1.527300 ms  DeleteObjects: 0.062100 ms)

========================================================================
Received Prepare
Registering precompiled user dll's ...
Registered in 0.001236 seconds.
Begin MonoManager ReloadAssembly
Native extension for WindowsStandalone target not found
Refreshing native plugins compatible for Editor in 0.30 ms, found 0 plugins.
Preloading 0 native plugins for Editor in 0.00 ms.
Invoked RoslynAnalysisRunner static constructor.
RoslynAnalysisRunner will not be running.
RoslynAnalysisRunner has terminated.
Mono: successfully reloaded assembly
- Completed reload, in  0.974 seconds
Platform modules already initialized, skipping
Refreshing native plugins compatible for Editor in 0.30 ms, found 0 plugins.
Preloading 0 native plugins for Editor in 0.00 ms.
Unloading 1608 Unused Serialized files (Serialized files now loaded: 0)
System memory in use before: 92.2 MB.
System memory in use after: 91.7 MB.

Unloading 11 unused Assets to reduce memory usage. Loaded Objects now: 2173.
Total: 2.679400 ms (FindLiveObjects: 0.285200 ms CreateObjectMapping: 0.099700 ms MarkObjects: 2.094900 ms  DeleteObjects: 0.198400 ms)

========================================================================
Received Prepare
Registering precompiled user dll's ...
Registered in 0.000751 seconds.
Begin MonoManager ReloadAssembly
Native extension for WindowsStandalone target not found
Refreshing native plugins compatible for Editor in 0.29 ms, found 0 plugins.
Preloading 0 native plugins for Editor in 0.00 ms.
Invoked RoslynAnalysisRunner static constructor.
RoslynAnalysisRunner will not be running.
RoslynAnalysisRunner has terminated.
Mono: successfully reloaded assembly
- Completed reload, in  0.701 seconds
Platform modules already initialized, skipping
Refreshing native plugins compatible for Editor in 0.28 ms, found 0 plugins.
Preloading 0 native plugins for Editor in 0.00 ms.
Unloading 1609 Unused Serialized files (Serialized files now loaded: 0)
System memory in use before: 92.2 MB.
System memory in use after: 91.8 MB.

Unloading 11 unused Assets to reduce memory usage. Loaded Objects now: 2176.
Total: 1.997500 ms (FindLiveObjects: 0.161900 ms CreateObjectMapping: 0.056900 ms MarkObjects: 1.619300 ms  DeleteObjects: 0.158300 ms)

========================================================================
Received Import Request.
  Time since last request: 978.279664 seconds.
  path: Assets/BOXOPHOBIC/Atmospheric Height Fog
  artifactKey: Guid(dc3d52e136e3c9747be5e0b494dfc113) Importer(815301076,1909f56bfc062723c751e8b465ee728b)
Start importing Assets/BOXOPHOBIC/Atmospheric Height Fog using Guid(dc3d52e136e3c9747be5e0b494dfc113) Importer(815301076,1909f56bfc062723c751e8b465ee728b)  -> (artifact id: '567da7d87bd09245c6adbe2f1ff208cd') in 0.010450 seconds
  Import took 0.013757 seconds .

========================================================================
Received Import Request.
  Time since last request: 1.619887 seconds.
  path: Assets/BOXOPHOBIC/Atmospheric Height Fog/Core
  artifactKey: Guid(f904284479944f14db58207839aaac30) Importer(815301076,1909f56bfc062723c751e8b465ee728b)
Start importing Assets/BOXOPHOBIC/Atmospheric Height Fog/Core using Guid(f904284479944f14db58207839aaac30) Importer(815301076,1909f56bfc062723c751e8b465ee728b)  -> (artifact id: '8e1e7de0fbe8f6b7063349767ce9e387') in 0.007572 seconds
  Import took 0.010321 seconds .

========================================================================
Received Import Request.
  Time since last request: 3.624990 seconds.
  path: Assets/BOXOPHOBIC/Atmospheric Height Fog/Demo
  artifactKey: Guid(020de442e621fc9429901706903e86f3) Importer(815301076,1909f56bfc062723c751e8b465ee728b)
Start importing Assets/BOXOPHOBIC/Atmospheric Height Fog/Demo using Guid(020de442e621fc9429901706903e86f3) Importer(815301076,1909f56bfc062723c751e8b465ee728b)  -> (artifact id: '95ef5a4d6da3a1324bcbd7cea75f78b7') in 0.006503 seconds
  Import took 0.009761 seconds .

========================================================================
Received Import Request.
  Time since last request: 44.277565 seconds.
  path: Assets/AllSkyFree/Cartoon Base NightSky
  artifactKey: Guid(edfd7568a47754e23b20068c1847c5fb) Importer(815301076,1909f56bfc062723c751e8b465ee728b)
Start importing Assets/AllSkyFree/Cartoon Base NightSky using Guid(edfd7568a47754e23b20068c1847c5fb) Importer(815301076,1909f56bfc062723c751e8b465ee728b)  -> (artifact id: '7fb2a414ff51ad8368ebbe654038d988') in 0.008748 seconds
  Import took 0.012124 seconds .

========================================================================
Received Import Request.
  Time since last request: 0.074821 seconds.
  path: Assets/AllSkyFree/Cartoon Base NightSky/Cartoon Base NightSky Equirect.mat
  artifactKey: Guid(3a6db933fef1d4c759bf21220420505f) Importer(815301076,1909f56bfc062723c751e8b465ee728b)
Start importing Assets/AllSkyFree/Cartoon Base NightSky/Cartoon Base NightSky Equirect.mat using Guid(3a6db933fef1d4c759bf21220420505f) Importer(815301076,1909f56bfc062723c751e8b465ee728b)  -> (artifact id: '6bc68240eeaa9358344d36a525a0ac96') in 0.122396 seconds
  Import took 0.124972 seconds .

========================================================================
Received Import Request.
  Time since last request: 0.000288 seconds.
  path: Assets/AllSkyFree/Cartoon Base NightSky/Cartoon Base NightSky Equirect.png
  artifactKey: Guid(7659947706e294d97a22faa1d4011724) Importer(815301076,1909f56bfc062723c751e8b465ee728b)
Start importing Assets/AllSkyFree/Cartoon Base NightSky/Cartoon Base NightSky Equirect.png using Guid(7659947706e294d97a22faa1d4011724) Importer(815301076,1909f56bfc062723c751e8b465ee728b)  -> (artifact id: '90cd2a81f2d9090f66a384dcb34e9ca9') in 0.172321 seconds
  Import took 0.175277 seconds .

========================================================================
Received Import Request.
  Time since last request: 0.000291 seconds.
  path: Assets/AllSkyFree/Cartoon Base NightSky/Cartoon Base NightSky_Cam_4_Up+Y.png
  artifactKey: Guid(d8144633fec3342d9b7d9388377fb2a6) Importer(815301076,1909f56bfc062723c751e8b465ee728b)
Start importing Assets/AllSkyFree/Cartoon Base NightSky/Cartoon Base NightSky_Cam_4_Up+Y.png using Guid(d8144633fec3342d9b7d9388377fb2a6) Importer(815301076,1909f56bfc062723c751e8b465ee728b)  -> (artifact id: 'feccb0481eadd9c72b2fdf854f162127') in 0.021441 seconds
  Import took 0.023847 seconds .

========================================================================
Received Import Request.
  Time since last request: 0.000389 seconds.
  path: Assets/AllSkyFree/Cartoon Base NightSky/Cartoon Base NightSky_Cam_3_Right-X.png
  artifactKey: Guid(69090bcf98b624e77a2f519630debe54) Importer(815301076,1909f56bfc062723c751e8b465ee728b)
Start importing Assets/AllSkyFree/Cartoon Base NightSky/Cartoon Base NightSky_Cam_3_Right-X.png using Guid(69090bcf98b624e77a2f519630debe54) Importer(815301076,1909f56bfc062723c751e8b465ee728b)  -> (artifact id: '7b3649742c2bf1719e85ec3770752173') in 0.018216 seconds
  Import took 0.020863 seconds .

========================================================================
Received Import Request.
  Time since last request: 0.000286 seconds.
  path: Assets/AllSkyFree/Cartoon Base NightSky/Cartoon Base NightSky.mat
  artifactKey: Guid(aa78c8d403a8547fe86d1f74239e6b03) Importer(815301076,1909f56bfc062723c751e8b465ee728b)
Start importing Assets/AllSkyFree/Cartoon Base NightSky/Cartoon Base NightSky.mat using Guid(aa78c8d403a8547fe86d1f74239e6b03) Importer(815301076,1909f56bfc062723c751e8b465ee728b)  -> (artifact id: 'c2dbe37a25ae7b15e16b8b72ed8686ea') in 0.194845 seconds
  Import took 0.197637 seconds .

========================================================================
Received Import Request.
  Time since last request: 0.000327 seconds.
  path: Assets/AllSkyFree/Cartoon Base NightSky/Cartoon Base NightSky_Cam_2_Left+X.png
  artifactKey: Guid(30795c4c7d28549fc98ea24071c47626) Importer(815301076,1909f56bfc062723c751e8b465ee728b)
Start importing Assets/AllSkyFree/Cartoon Base NightSky/Cartoon Base NightSky_Cam_2_Left+X.png using Guid(30795c4c7d28549fc98ea24071c47626) Importer(815301076,1909f56bfc062723c751e8b465ee728b)  -> (artifact id: '10ee3474f1afae6102338fecf722f30d') in 0.019405 seconds
  Import took 0.021786 seconds .

========================================================================
Received Import Request.
  Time since last request: 0.000295 seconds.
  path: Assets/AllSkyFree/Cartoon Base NightSky/Cartoon Base NightSky_Cam_1_Back-Z.png
  artifactKey: Guid(baee46fd4fc8d4898864f4963bb39f34) Importer(815301076,1909f56bfc062723c751e8b465ee728b)
Start importing Assets/AllSkyFree/Cartoon Base NightSky/Cartoon Base NightSky_Cam_1_Back-Z.png using Guid(baee46fd4fc8d4898864f4963bb39f34) Importer(815301076,1909f56bfc062723c751e8b465ee728b)  -> (artifact id: '73a5c3742178af19c2dd152000e505fb') in 0.016695 seconds
  Import took 0.020154 seconds .

========================================================================
Received Import Request.
  Time since last request: 0.000274 seconds.
  path: Assets/AllSkyFree/Cartoon Base NightSky/Cartoon Base NightSky_Cam_0_Front+Z.png
  artifactKey: Guid(5cd44424375bd4ad69191a50c41ec04d) Importer(815301076,1909f56bfc062723c751e8b465ee728b)
Start importing Assets/AllSkyFree/Cartoon Base NightSky/Cartoon Base NightSky_Cam_0_Front+Z.png using Guid(5cd44424375bd4ad69191a50c41ec04d) Importer(815301076,1909f56bfc062723c751e8b465ee728b)  -> (artifact id: '14530618267f317cb5e09c4ebcb5aef3') in 0.018420 seconds
  Import took 0.021222 seconds .

========================================================================
Received Import Request.
  Time since last request: 0.000241 seconds.
  path: Assets/AllSkyFree/Cartoon Base NightSky/Cartoon Base NightSky_Cam_5_Down-Y.png
  artifactKey: Guid(e23c4e30896d34af5beb066fcf2790c7) Importer(815301076,1909f56bfc062723c751e8b465ee728b)
Start importing Assets/AllSkyFree/Cartoon Base NightSky/Cartoon Base NightSky_Cam_5_Down-Y.png using Guid(e23c4e30896d34af5beb066fcf2790c7) Importer(815301076,1909f56bfc062723c751e8b465ee728b)  -> (artifact id: '9b0788898bb48d2a7b70899bf9e26cca') in 0.016830 seconds
  Import took 0.019193 seconds .

========================================================================
Received Import Request.
  Time since last request: 16.712270 seconds.
  path: Assets/AllSkyFree/AllSkyDemoEnvironment
  artifactKey: Guid(baf6d48a8e73a44459aae609e441a271) Importer(815301076,1909f56bfc062723c751e8b465ee728b)
Start importing Assets/AllSkyFree/AllSkyDemoEnvironment using Guid(baf6d48a8e73a44459aae609e441a271) Importer(815301076,1909f56bfc062723c751e8b465ee728b)  -> (artifact id: '681bca2cad0975f83e8b4cb32b4ea0c8') in 0.007258 seconds
  Import took 0.009834 seconds .

========================================================================
Received Import Request.
  Time since last request: 24.537692 seconds.
  path: Assets/AllSkyFree/Epic_GloriousPink
  artifactKey: Guid(edc1859f6d31046c9936ffb1609fabeb) Importer(815301076,1909f56bfc062723c751e8b465ee728b)
Start importing Assets/AllSkyFree/Epic_GloriousPink using Guid(edc1859f6d31046c9936ffb1609fabeb) Importer(815301076,1909f56bfc062723c751e8b465ee728b)  -> (artifact id: '483d09a5efa9f7836e084da9969de502') in 0.007359 seconds
  Import took 0.010020 seconds .

========================================================================
Received Import Request.
  Time since last request: 58.974568 seconds.
  path: Assets/AllSkyFree/Epic_BlueSunset/Epic_BlueSunset_Cam_0_Front+Z.png
  artifactKey: Guid(33dc9d88f32144697ba9777ee1aaae7b) Importer(815301076,1909f56bfc062723c751e8b465ee728b)
Start importing Assets/AllSkyFree/Epic_BlueSunset/Epic_BlueSunset_Cam_0_Front+Z.png using Guid(33dc9d88f32144697ba9777ee1aaae7b) Importer(815301076,1909f56bfc062723c751e8b465ee728b)  -> (artifact id: '99516a3ba5d2f0d558bfb3573ec0cf77') in 0.016911 seconds
  Import took 0.019497 seconds .

========================================================================
Received Import Request.
  Time since last request: 0.028235 seconds.
  path: Assets/AllSkyFree/Epic_BlueSunset/Epic_BlueSunset_Cam_0_Front+Z.png
  artifactKey: Guid(33dc9d88f32144697ba9777ee1aaae7b) Importer(815301076,1909f56bfc062723c751e8b465ee728b)
Start importing Assets/AllSkyFree/Epic_BlueSunset/Epic_BlueSunset_Cam_0_Front+Z.png using Guid(33dc9d88f32144697ba9777ee1aaae7b) Importer(815301076,1909f56bfc062723c751e8b465ee728b)  -> (artifact id: '99516a3ba5d2f0d558bfb3573ec0cf77') in 0.013317 seconds
  Import took 0.016405 seconds .

========================================================================
Received Import Request.
  Time since last request: 1.900771 seconds.
  path: Assets/AllSkyFree/Epic_BlueSunset/Epic_BlueSunset_Cam_1_Back-Z.png
  artifactKey: Guid(cbdb0c81375e549b1bae3506c1863a68) Importer(815301076,1909f56bfc062723c751e8b465ee728b)
Start importing Assets/AllSkyFree/Epic_BlueSunset/Epic_BlueSunset_Cam_1_Back-Z.png using Guid(cbdb0c81375e549b1bae3506c1863a68) Importer(815301076,1909f56bfc062723c751e8b465ee728b)  -> (artifact id: '482858929b0205a68df81a96a5d4251d') in 0.021475 seconds
  Import took 0.024283 seconds .

========================================================================
Received Import Request.
  Time since last request: 6.536974 seconds.
  path: Assets/AllSkyFree/Epic_BlueSunset/Epic_BlueSunset_EquiRect_flat.png
  artifactKey: Guid(e71fc492f440446b99875b8e1df890ba) Importer(815301076,1909f56bfc062723c751e8b465ee728b)
Start importing Assets/AllSkyFree/Epic_BlueSunset/Epic_BlueSunset_EquiRect_flat.png using Guid(e71fc492f440446b99875b8e1df890ba) Importer(815301076,1909f56bfc062723c751e8b465ee728b)  -> (artifact id: '5685d8255b8641cea7c44c1bf93b9568') in 0.125591 seconds
  Import took 0.128754 seconds .

========================================================================
Received Import Request.
  Time since last request: 25.618367 seconds.
  path: Assets/AllSkyFree/Cartoon Base BlueSky
  artifactKey: Guid(9f633969e0c5e4bfeba8bb43b5348d81) Importer(815301076,1909f56bfc062723c751e8b465ee728b)
Start importing Assets/AllSkyFree/Cartoon Base BlueSky using Guid(9f633969e0c5e4bfeba8bb43b5348d81) Importer(815301076,1909f56bfc062723c751e8b465ee728b)  -> (artifact id: 'e4607f7730dd9dcadde2d65d8dfafa05') in 0.007481 seconds
  Import took 0.010860 seconds .

========================================================================
Received Import Request.
  Time since last request: 5.427035 seconds.
  path: Assets/AllSkyFree/Deep Dusk
  artifactKey: Guid(6e2365a3b549547b998c293780300ffe) Importer(815301076,1909f56bfc062723c751e8b465ee728b)
Start importing Assets/AllSkyFree/Deep Dusk using Guid(6e2365a3b549547b998c293780300ffe) Importer(815301076,1909f56bfc062723c751e8b465ee728b)  -> (artifact id: '632236569353befb6e6dda8ab244b0b3') in 0.006645 seconds
  Import took 0.009302 seconds .

========================================================================
Received Prepare
Registering precompiled user dll's ...
Registered in 0.000706 seconds.
Begin MonoManager ReloadAssembly
Native extension for WindowsStandalone target not found
Refreshing native plugins compatible for Editor in 0.29 ms, found 0 plugins.
Preloading 0 native plugins for Editor in 0.00 ms.
Invoked RoslynAnalysisRunner static constructor.
RoslynAnalysisRunner will not be running.
RoslynAnalysisRunner has terminated.
Mono: successfully reloaded assembly
- Completed reload, in  0.711 seconds
Platform modules already initialized, skipping
Refreshing native plugins compatible for Editor in 0.30 ms, found 0 plugins.
Preloading 0 native plugins for Editor in 0.00 ms.
Unloading 1609 Unused Serialized files (Serialized files now loaded: 0)
System memory in use before: 92.5 MB.
System memory in use after: 92.0 MB.

Unloading 11 unused Assets to reduce memory usage. Loaded Objects now: 2184.
Total: 1.669200 ms (FindLiveObjects: 0.146500 ms CreateObjectMapping: 0.047500 ms MarkObjects: 1.327900 ms  DeleteObjects: 0.146600 ms)

AssetImportWorkerClient::OnTransportError - code=2 error=End of file
